#! /usr/bin/vvp
:ivl_version "11.0 (stable)";
:ivl_delay_selection "TYPICAL";
:vpi_time_precision - 12;
:vpi_module "/usr/lib/x86_64-linux-gnu/ivl/system.vpi";
:vpi_module "/usr/lib/x86_64-linux-gnu/ivl/vhdl_sys.vpi";
:vpi_module "/usr/lib/x86_64-linux-gnu/ivl/vhdl_textio.vpi";
:vpi_module "/usr/lib/x86_64-linux-gnu/ivl/v2005_math.vpi";
:vpi_module "/usr/lib/x86_64-linux-gnu/ivl/va_math.vpi";
S_0x649e376d50b0 .scope module, "halfadd_tb" "halfadd_tb" 2 5;
 .timescale -9 -12;
v0x649e376e7e00_0 .var "a", 0 0;
v0x649e376e7ec0_0 .var "b", 0 0;
v0x649e376e7f90_0 .net "carry", 0 0, L_0x649e376e82c0;  1 drivers
v0x649e376e8090_0 .net "sum", 0 0, L_0x649e376e8160;  1 drivers
S_0x649e376d5240 .scope module, "u_halfadd" "halfadd" 2 13, 3 1 0, S_0x649e376d50b0;
 .timescale -9 -12;
    .port_info 0 /INPUT 1 "a";
    .port_info 1 /INPUT 1 "b";
    .port_info 2 /OUTPUT 1 "sum";
    .port_info 3 /OUTPUT 1 "carry";
L_0x649e376e8160 .functor XOR 1, v0x649e376e7e00_0, v0x649e376e7ec0_0, C4<0>, C4<0>;
L_0x649e376e82c0 .functor AND 1, v0x649e376e7e00_0, v0x649e376e7ec0_0, C4<1>, C4<1>;
v0x649e3769bcf0_0 .net "a", 0 0, v0x649e376e7e00_0;  1 drivers
v0x649e376e7b30_0 .net "b", 0 0, v0x649e376e7ec0_0;  1 drivers
v0x649e376e7bf0_0 .net "carry", 0 0, L_0x649e376e82c0;  alias, 1 drivers
v0x649e376e7c90_0 .net "sum", 0 0, L_0x649e376e8160;  alias, 1 drivers
    .scope S_0x649e376d50b0;
T_0 ;
    %vpi_call 2 24 "$display", "Time\011 a b | sum carry" {0 0 0};
    %vpi_call 2 25 "$monitor", "%g\011 %b %b |  %b    %b", $time, v0x649e376e7e00_0, v0x649e376e7ec0_0, v0x649e376e8090_0, v0x649e376e7f90_0 {0 0 0};
    %pushi/vec4 0, 0, 1;
    %store/vec4 v0x649e376e7e00_0, 0, 1;
    %pushi/vec4 0, 0, 1;
    %store/vec4 v0x649e376e7ec0_0, 0, 1;
    %delay 10000, 0;
    %pushi/vec4 0, 0, 1;
    %store/vec4 v0x649e376e7e00_0, 0, 1;
    %pushi/vec4 1, 0, 1;
    %store/vec4 v0x649e376e7ec0_0, 0, 1;
    %delay 10000, 0;
    %pushi/vec4 1, 0, 1;
    %store/vec4 v0x649e376e7e00_0, 0, 1;
    %pushi/vec4 0, 0, 1;
    %store/vec4 v0x649e376e7ec0_0, 0, 1;
    %delay 10000, 0;
    %pushi/vec4 1, 0, 1;
    %store/vec4 v0x649e376e7e00_0, 0, 1;
    %pushi/vec4 1, 0, 1;
    %store/vec4 v0x649e376e7ec0_0, 0, 1;
    %delay 10000, 0;
    %end;
    .thread T_0;
# The file index is used to find the file name in the following table.
:file_names 4;
    "N/A";
    "<interactive>";
    "halfadd_tb.v";
    "./halfadd.v";
