Analysis & Synthesis report for ProcessadorNrisc
Fri Jun 30 12:58:44 2023
Quartus II 64-Bit Version 13.0.1 Build 232 06/12/2013 Service Pack 1 SJ Web Edition


---------------------
; Table of Contents ;
---------------------
  1. Legal Notice
  2. Analysis & Synthesis Summary
  3. Analysis & Synthesis Settings
  4. Parallel Compilation
  5. Analysis & Synthesis Messages



----------------
; Legal Notice ;
----------------
Copyright (C) 1991-2013 Altera Corporation
Your use of Altera Corporation's design tools, logic functions 
and other software and tools, and its AMPP partner logic 
functions, and any output files from any of the foregoing 
(including device programming or simulation files), and any 
associated documentation or information are expressly subject 
to the terms and conditions of the Altera Program License 
Subscription Agreement, Altera MegaCore Function License 
Agreement, or other applicable license agreement, including, 
without limitation, that your use is for the sole purpose of 
programming logic devices manufactured by Altera and sold by 
Altera or its authorized distributors.  Please refer to the 
applicable agreement for further details.



+--------------------------------------------------------------------------------------+
; Analysis & Synthesis Summary                                                         ;
+------------------------------------+-------------------------------------------------+
; Analysis & Synthesis Status        ; Failed - Fri Jun 30 12:58:44 2023               ;
; Quartus II 64-Bit Version          ; 13.0.1 Build 232 06/12/2013 SP 1 SJ Web Edition ;
; Revision Name                      ; ProcessadorNrisc                                ;
; Top-level Entity Name              ; ProcessadorNrisc                                ;
; Family                             ; Cyclone II                                      ;
; Total logic elements               ; N/A until Partition Merge                       ;
;     Total combinational functions  ; N/A until Partition Merge                       ;
;     Dedicated logic registers      ; N/A until Partition Merge                       ;
; Total registers                    ; N/A until Partition Merge                       ;
; Total pins                         ; N/A until Partition Merge                       ;
; Total virtual pins                 ; N/A until Partition Merge                       ;
; Total memory bits                  ; N/A until Partition Merge                       ;
; Embedded Multiplier 9-bit elements ; N/A until Partition Merge                       ;
; Total PLLs                         ; N/A until Partition Merge                       ;
+------------------------------------+-------------------------------------------------+


+----------------------------------------------------------------------------------------------------------------------+
; Analysis & Synthesis Settings                                                                                        ;
+----------------------------------------------------------------------------+--------------------+--------------------+
; Option                                                                     ; Setting            ; Default Value      ;
+----------------------------------------------------------------------------+--------------------+--------------------+
; Device                                                                     ; EP2C35F672C6       ;                    ;
; Top-level entity name                                                      ; ProcessadorNrisc   ; ProcessadorNrisc   ;
; Family name                                                                ; Cyclone II         ; Cyclone IV GX      ;
; Use smart compilation                                                      ; Off                ; Off                ;
; Enable parallel Assembler and TimeQuest Timing Analyzer during compilation ; On                 ; On                 ;
; Enable compact report table                                                ; Off                ; Off                ;
; Restructure Multiplexers                                                   ; Auto               ; Auto               ;
; Create Debugging Nodes for IP Cores                                        ; Off                ; Off                ;
; Preserve fewer node names                                                  ; On                 ; On                 ;
; Disable OpenCore Plus hardware evaluation                                  ; Off                ; Off                ;
; Verilog Version                                                            ; Verilog_2001       ; Verilog_2001       ;
; VHDL Version                                                               ; VHDL_1993          ; VHDL_1993          ;
; State Machine Processing                                                   ; Auto               ; Auto               ;
; Safe State Machine                                                         ; Off                ; Off                ;
; Extract Verilog State Machines                                             ; On                 ; On                 ;
; Extract VHDL State Machines                                                ; On                 ; On                 ;
; Ignore Verilog initial constructs                                          ; Off                ; Off                ;
; Iteration limit for constant Verilog loops                                 ; 5000               ; 5000               ;
; Iteration limit for non-constant Verilog loops                             ; 250                ; 250                ;
; Add Pass-Through Logic to Inferred RAMs                                    ; On                 ; On                 ;
; Infer RAMs from Raw Logic                                                  ; On                 ; On                 ;
; Parallel Synthesis                                                         ; On                 ; On                 ;
; DSP Block Balancing                                                        ; Auto               ; Auto               ;
; NOT Gate Push-Back                                                         ; On                 ; On                 ;
; Power-Up Don't Care                                                        ; On                 ; On                 ;
; Remove Redundant Logic Cells                                               ; Off                ; Off                ;
; Remove Duplicate Registers                                                 ; On                 ; On                 ;
; Ignore CARRY Buffers                                                       ; Off                ; Off                ;
; Ignore CASCADE Buffers                                                     ; Off                ; Off                ;
; Ignore GLOBAL Buffers                                                      ; Off                ; Off                ;
; Ignore ROW GLOBAL Buffers                                                  ; Off                ; Off                ;
; Ignore LCELL Buffers                                                       ; Off                ; Off                ;
; Ignore SOFT Buffers                                                        ; On                 ; On                 ;
; Limit AHDL Integers to 32 Bits                                             ; Off                ; Off                ;
; Optimization Technique                                                     ; Balanced           ; Balanced           ;
; Carry Chain Length                                                         ; 70                 ; 70                 ;
; Auto Carry Chains                                                          ; On                 ; On                 ;
; Auto Open-Drain Pins                                                       ; On                 ; On                 ;
; Perform WYSIWYG Primitive Resynthesis                                      ; Off                ; Off                ;
; Auto ROM Replacement                                                       ; On                 ; On                 ;
; Auto RAM Replacement                                                       ; On                 ; On                 ;
; Auto Shift Register Replacement                                            ; Auto               ; Auto               ;
; Allow Shift Register Merging across Hierarchies                            ; Auto               ; Auto               ;
; Auto Clock Enable Replacement                                              ; On                 ; On                 ;
; Strict RAM Replacement                                                     ; Off                ; Off                ;
; Allow Synchronous Control Signals                                          ; On                 ; On                 ;
; Force Use of Synchronous Clear Signals                                     ; Off                ; Off                ;
; Auto RAM to Logic Cell Conversion                                          ; Off                ; Off                ;
; Auto Resource Sharing                                                      ; Off                ; Off                ;
; Allow Any RAM Size For Recognition                                         ; Off                ; Off                ;
; Allow Any ROM Size For Recognition                                         ; Off                ; Off                ;
; Allow Any Shift Register Size For Recognition                              ; Off                ; Off                ;
; Use LogicLock Constraints during Resource Balancing                        ; On                 ; On                 ;
; Ignore translate_off and synthesis_off directives                          ; Off                ; Off                ;
; Timing-Driven Synthesis                                                    ; Off                ; Off                ;
; Report Parameter Settings                                                  ; On                 ; On                 ;
; Report Source Assignments                                                  ; On                 ; On                 ;
; Report Connectivity Checks                                                 ; On                 ; On                 ;
; Ignore Maximum Fan-Out Assignments                                         ; Off                ; Off                ;
; Synchronization Register Chain Length                                      ; 2                  ; 2                  ;
; PowerPlay Power Optimization                                               ; Normal compilation ; Normal compilation ;
; HDL message level                                                          ; Level2             ; Level2             ;
; Suppress Register Optimization Related Messages                            ; Off                ; Off                ;
; Number of Removed Registers Reported in Synthesis Report                   ; 5000               ; 5000               ;
; Number of Swept Nodes Reported in Synthesis Report                         ; 5000               ; 5000               ;
; Number of Inverted Registers Reported in Synthesis Report                  ; 100                ; 100                ;
; Clock MUX Protection                                                       ; On                 ; On                 ;
; Auto Gated Clock Conversion                                                ; Off                ; Off                ;
; Block Design Naming                                                        ; Auto               ; Auto               ;
; SDC constraint protection                                                  ; Off                ; Off                ;
; Synthesis Effort                                                           ; Auto               ; Auto               ;
; Shift Register Replacement - Allow Asynchronous Clear Signal               ; On                 ; On                 ;
; Pre-Mapping Resynthesis Optimization                                       ; Off                ; Off                ;
; Analysis & Synthesis Message Level                                         ; Medium             ; Medium             ;
; Disable Register Merging Across Hierarchies                                ; Auto               ; Auto               ;
; Resource Aware Inference For Block RAM                                     ; On                 ; On                 ;
; Synthesis Seed                                                             ; 1                  ; 1                  ;
+----------------------------------------------------------------------------+--------------------+--------------------+


Parallel compilation was disabled, but you have multiple processors available. Enable parallel compilation to reduce compilation time.
+-------------------------------------+
; Parallel Compilation                ;
+----------------------------+--------+
; Processors                 ; Number ;
+----------------------------+--------+
; Number detected on machine ; 12     ;
; Maximum allowed            ; 1      ;
+----------------------------+--------+


+-------------------------------+
; Analysis & Synthesis Messages ;
+-------------------------------+
Info: *******************************************************************
Info: Running Quartus II 64-Bit Analysis & Synthesis
    Info: Version 13.0.1 Build 232 06/12/2013 Service Pack 1 SJ Web Edition
    Info: Processing started: Fri Jun 30 12:58:44 2023
Info: Command: quartus_map --read_settings_files=on --write_settings_files=off ProcessadorNrisc -c ProcessadorNrisc
Warning (20028): Parallel compilation is not licensed and has been disabled
Error (10149): Verilog HDL Declaration error at ProcessadorNrisc.v(18): identifier "instrucaoLida" is already declared in the present scope File: F:/ProcessadorNrisc/ProcessadorNrisc.v Line: 18
Warning (10275): Verilog HDL Module Instantiation warning at ProcessadorNrisc.v(20): ignored dangling comma in List of Port Connections
Error (10112): Ignored design unit "ProcessadorNrisc" at ProcessadorNrisc.v(1) due to previous errors File: F:/ProcessadorNrisc/ProcessadorNrisc.v Line: 1
Error (10170): Verilog HDL syntax error at ProcessadorNrisc.v(39) near text "ProcessadorNrisc";  expecting ";" File: F:/ProcessadorNrisc/ProcessadorNrisc.v Line: 39
Info (12021): Found 0 design units, including 0 entities, in source file processadornrisc.v
Info (12021): Found 2 design units, including 2 entities, in source file ula.v
    Info (12023): Found entity 1: ULA
    Info (12023): Found entity 2: ULAteste
Info (12021): Found 0 design units, including 0 entities, in source file control.v
Info (12021): Found 2 design units, including 2 entities, in source file somador8bits.v
    Info (12023): Found entity 1: Somador8Bits
    Info (12023): Found entity 2: Somador8Bitsteste
Info (12021): Found 2 design units, including 2 entities, in source file somador8bitsduasent.v
    Info (12023): Found entity 1: Somador8BitsDuas
    Info (12023): Found entity 2: Somador8BitsDuasteste
Info (12021): Found 2 design units, including 2 entities, in source file and.v
    Info (12023): Found entity 1: PortaAND
    Info (12023): Found entity 2: ANDTeste
Info (12021): Found 2 design units, including 2 entities, in source file muxdois.v
    Info (12023): Found entity 1: MultiplexadorDois
    Info (12023): Found entity 2: MultiplexadorDoisteste
Info (12021): Found 2 design units, including 2 entities, in source file muxquatro.v
    Info (12023): Found entity 1: MultiplexadorQuatro
    Info (12023): Found entity 2: MultiplexadorQuatroteste
Info (12021): Found 2 design units, including 2 entities, in source file extensor.v
    Info (12023): Found entity 1: ExtensorSinal
    Info (12023): Found entity 2: ExtensorSinalteste
Error (10170): Verilog HDL syntax error at MEMORY.v(65) near text "]";  expecting "," File: F:/ProcessadorNrisc/MEMORY.v Line: 65
Error (10112): Ignored design unit "Memoryteste" at MEMORY.v(36) due to previous errors File: F:/ProcessadorNrisc/MEMORY.v Line: 36
Info (12021): Found 0 design units, including 0 entities, in source file memory.v
Error (10170): Verilog HDL syntax error at REGISTRADORES.v(19) near text ")";  expecting an operand File: F:/ProcessadorNrisc/REGISTRADORES.v Line: 19
Error (10112): Ignored design unit "REGISTRADORES" at REGISTRADORES.v(1) due to previous errors File: F:/ProcessadorNrisc/REGISTRADORES.v Line: 1
Error (10112): Ignored design unit "REGISTRADORESteste" at REGISTRADORES.v(26) due to previous errors File: F:/ProcessadorNrisc/REGISTRADORES.v Line: 26
Info (12021): Found 0 design units, including 0 entities, in source file registradores.v
Error (10170): Verilog HDL syntax error at INSTRUCAO.v(5) near text ")";  expecting a direction File: F:/ProcessadorNrisc/INSTRUCAO.v Line: 5
Error (10170): Verilog HDL syntax error at INSTRUCAO.v(19) near text "end"; "end" without "begin"  File: F:/ProcessadorNrisc/INSTRUCAO.v Line: 19
Error (10112): Ignored design unit "INSTRUCAO" at INSTRUCAO.v(1) due to previous errors File: F:/ProcessadorNrisc/INSTRUCAO.v Line: 1
Error (10112): Ignored design unit "INSTRUCAOteste" at INSTRUCAO.v(24) due to previous errors File: F:/ProcessadorNrisc/INSTRUCAO.v Line: 24
Info (12021): Found 0 design units, including 0 entities, in source file instrucao.v
Info (12021): Found 2 design units, including 2 entities, in source file programcounter.v
    Info (12023): Found entity 1: ProgramCounter
    Info (12023): Found entity 2: testProgramCounter
Error: Quartus II 64-Bit Analysis & Synthesis was unsuccessful. 12 errors, 2 warnings
    Error: Peak virtual memory: 4565 megabytes
    Error: Processing ended: Fri Jun 30 12:58:44 2023
    Error: Elapsed time: 00:00:00
    Error: Total CPU time (on all processors): 00:00:00


