Analysis & Synthesis report for processador
Mon Dec 12 00:59:39 2022
Quartus II 64-Bit Version 13.0.1 Build 232 06/12/2013 Service Pack 1 SJ Web Edition


---------------------
; Table of Contents ;
---------------------
  1. Legal Notice
  2. Analysis & Synthesis Summary
  3. Analysis & Synthesis Settings
  4. Parallel Compilation
  5. Analysis & Synthesis Source Files Read
  6. Analysis & Synthesis Resource Usage Summary
  7. Analysis & Synthesis Resource Utilization by Entity
  8. Analysis & Synthesis RAM Summary
  9. User-Specified and Inferred Latches
 10. Registers Removed During Synthesis
 11. General Register Statistics
 12. Registers Packed Into Inferred Megafunctions
 13. Multiplexer Restructuring Statistics (Restructuring Performed)
 14. Source assignments for memoInst:memoi|altsyncram:WideOr3_rtl_0|altsyncram_u311:auto_generated
 15. Parameter Settings for Inferred Entity Instance: memoInst:memoi|altsyncram:WideOr3_rtl_0
 16. Parameter Settings for Inferred Entity Instance: ULAAOC:ula|lpm_add_sub:Add0
 17. altsyncram Parameter Settings by Entity Instance
 18. Port Connectivity Checks: "mux2ent8bits:mPcSalto"
 19. Port Connectivity Checks: "somador:adc1"
 20. Port Connectivity Checks: "mux2ent8bits:tSaltoGegal"
 21. Port Connectivity Checks: "mux3ent8bits:uf2"
 22. Elapsed Time Per Partition
 23. Analysis & Synthesis Messages
 24. Analysis & Synthesis Suppressed Messages



----------------
; Legal Notice ;
----------------
Copyright (C) 1991-2013 Altera Corporation
Your use of Altera Corporation's design tools, logic functions 
and other software and tools, and its AMPP partner logic 
functions, and any output files from any of the foregoing 
(including device programming or simulation files), and any 
associated documentation or information are expressly subject 
to the terms and conditions of the Altera Program License 
Subscription Agreement, Altera MegaCore Function License 
Agreement, or other applicable license agreement, including, 
without limitation, that your use is for the sole purpose of 
programming logic devices manufactured by Altera and sold by 
Altera or its authorized distributors.  Please refer to the 
applicable agreement for further details.



+--------------------------------------------------------------------------------------+
; Analysis & Synthesis Summary                                                         ;
+------------------------------------+-------------------------------------------------+
; Analysis & Synthesis Status        ; Successful - Mon Dec 12 00:59:39 2022           ;
; Quartus II 64-Bit Version          ; 13.0.1 Build 232 06/12/2013 SP 1 SJ Web Edition ;
; Revision Name                      ; processador                                     ;
; Top-level Entity Name              ; processador                                     ;
; Family                             ; Cyclone II                                      ;
; Total logic elements               ; 305                                             ;
;     Total combinational functions  ; 217                                             ;
;     Dedicated logic registers      ; 154                                             ;
; Total registers                    ; 154                                             ;
; Total pins                         ; 9                                               ;
; Total virtual pins                 ; 0                                               ;
; Total memory bits                  ; 2,048                                           ;
; Embedded Multiplier 9-bit elements ; 0                                               ;
; Total PLLs                         ; 0                                               ;
+------------------------------------+-------------------------------------------------+


+----------------------------------------------------------------------------------------------------------------------+
; Analysis & Synthesis Settings                                                                                        ;
+----------------------------------------------------------------------------+--------------------+--------------------+
; Option                                                                     ; Setting            ; Default Value      ;
+----------------------------------------------------------------------------+--------------------+--------------------+
; Device                                                                     ; EP2C35F672C6       ;                    ;
; Top-level entity name                                                      ; processador        ; processador        ;
; Family name                                                                ; Cyclone II         ; Cyclone IV GX      ;
; Use smart compilation                                                      ; Off                ; Off                ;
; Enable parallel Assembler and TimeQuest Timing Analyzer during compilation ; On                 ; On                 ;
; Enable compact report table                                                ; Off                ; Off                ;
; Restructure Multiplexers                                                   ; Auto               ; Auto               ;
; Create Debugging Nodes for IP Cores                                        ; Off                ; Off                ;
; Preserve fewer node names                                                  ; On                 ; On                 ;
; Disable OpenCore Plus hardware evaluation                                  ; Off                ; Off                ;
; Verilog Version                                                            ; Verilog_2001       ; Verilog_2001       ;
; VHDL Version                                                               ; VHDL_1993          ; VHDL_1993          ;
; State Machine Processing                                                   ; Auto               ; Auto               ;
; Safe State Machine                                                         ; Off                ; Off                ;
; Extract Verilog State Machines                                             ; On                 ; On                 ;
; Extract VHDL State Machines                                                ; On                 ; On                 ;
; Ignore Verilog initial constructs                                          ; Off                ; Off                ;
; Iteration limit for constant Verilog loops                                 ; 5000               ; 5000               ;
; Iteration limit for non-constant Verilog loops                             ; 250                ; 250                ;
; Add Pass-Through Logic to Inferred RAMs                                    ; On                 ; On                 ;
; Infer RAMs from Raw Logic                                                  ; On                 ; On                 ;
; Parallel Synthesis                                                         ; On                 ; On                 ;
; DSP Block Balancing                                                        ; Auto               ; Auto               ;
; NOT Gate Push-Back                                                         ; On                 ; On                 ;
; Power-Up Don't Care                                                        ; On                 ; On                 ;
; Remove Redundant Logic Cells                                               ; Off                ; Off                ;
; Remove Duplicate Registers                                                 ; On                 ; On                 ;
; Ignore CARRY Buffers                                                       ; Off                ; Off                ;
; Ignore CASCADE Buffers                                                     ; Off                ; Off                ;
; Ignore GLOBAL Buffers                                                      ; Off                ; Off                ;
; Ignore ROW GLOBAL Buffers                                                  ; Off                ; Off                ;
; Ignore LCELL Buffers                                                       ; Off                ; Off                ;
; Ignore SOFT Buffers                                                        ; On                 ; On                 ;
; Limit AHDL Integers to 32 Bits                                             ; Off                ; Off                ;
; Optimization Technique                                                     ; Balanced           ; Balanced           ;
; Carry Chain Length                                                         ; 70                 ; 70                 ;
; Auto Carry Chains                                                          ; On                 ; On                 ;
; Auto Open-Drain Pins                                                       ; On                 ; On                 ;
; Perform WYSIWYG Primitive Resynthesis                                      ; Off                ; Off                ;
; Auto ROM Replacement                                                       ; On                 ; On                 ;
; Auto RAM Replacement                                                       ; On                 ; On                 ;
; Auto Shift Register Replacement                                            ; Auto               ; Auto               ;
; Allow Shift Register Merging across Hierarchies                            ; Auto               ; Auto               ;
; Auto Clock Enable Replacement                                              ; On                 ; On                 ;
; Strict RAM Replacement                                                     ; Off                ; Off                ;
; Allow Synchronous Control Signals                                          ; On                 ; On                 ;
; Force Use of Synchronous Clear Signals                                     ; Off                ; Off                ;
; Auto RAM to Logic Cell Conversion                                          ; Off                ; Off                ;
; Auto Resource Sharing                                                      ; Off                ; Off                ;
; Allow Any RAM Size For Recognition                                         ; Off                ; Off                ;
; Allow Any ROM Size For Recognition                                         ; Off                ; Off                ;
; Allow Any Shift Register Size For Recognition                              ; Off                ; Off                ;
; Use LogicLock Constraints during Resource Balancing                        ; On                 ; On                 ;
; Ignore translate_off and synthesis_off directives                          ; Off                ; Off                ;
; Timing-Driven Synthesis                                                    ; Off                ; Off                ;
; Report Parameter Settings                                                  ; On                 ; On                 ;
; Report Source Assignments                                                  ; On                 ; On                 ;
; Report Connectivity Checks                                                 ; On                 ; On                 ;
; Ignore Maximum Fan-Out Assignments                                         ; Off                ; Off                ;
; Synchronization Register Chain Length                                      ; 2                  ; 2                  ;
; PowerPlay Power Optimization                                               ; Normal compilation ; Normal compilation ;
; HDL message level                                                          ; Level2             ; Level2             ;
; Suppress Register Optimization Related Messages                            ; Off                ; Off                ;
; Number of Removed Registers Reported in Synthesis Report                   ; 5000               ; 5000               ;
; Number of Swept Nodes Reported in Synthesis Report                         ; 5000               ; 5000               ;
; Number of Inverted Registers Reported in Synthesis Report                  ; 100                ; 100                ;
; Clock MUX Protection                                                       ; On                 ; On                 ;
; Auto Gated Clock Conversion                                                ; Off                ; Off                ;
; Block Design Naming                                                        ; Auto               ; Auto               ;
; SDC constraint protection                                                  ; Off                ; Off                ;
; Synthesis Effort                                                           ; Auto               ; Auto               ;
; Shift Register Replacement - Allow Asynchronous Clear Signal               ; On                 ; On                 ;
; Pre-Mapping Resynthesis Optimization                                       ; Off                ; Off                ;
; Analysis & Synthesis Message Level                                         ; Medium             ; Medium             ;
; Disable Register Merging Across Hierarchies                                ; Auto               ; Auto               ;
; Resource Aware Inference For Block RAM                                     ; On                 ; On                 ;
; Synthesis Seed                                                             ; 1                  ; 1                  ;
+----------------------------------------------------------------------------+--------------------+--------------------+


Parallel compilation was disabled, but you have multiple processors available. Enable parallel compilation to reduce compilation time.
+-------------------------------------+
; Parallel Compilation                ;
+----------------------------+--------+
; Processors                 ; Number ;
+----------------------------+--------+
; Number detected on machine ; 4      ;
; Maximum allowed            ; 1      ;
+----------------------------+--------+


+------------------------------------------------------------------------------------------------------------------------------------------------------------------------------+
; Analysis & Synthesis Source Files Read                                                                                                                                       ;
+----------------------------------+-----------------+------------------------------+--------------------------------------------------------------------------------+---------+
; File Name with User-Entered Path ; Used in Netlist ; File Type                    ; File Name with Absolute Path                                                   ; Library ;
+----------------------------------+-----------------+------------------------------+--------------------------------------------------------------------------------+---------+
; ULAAOC.v                         ; yes             ; User Verilog HDL File        ; C:/Users/Usuario/Documents/3º Semestre/LAOC/processador/ULAAOC.v               ;         ;
; somador.v                        ; yes             ; User Verilog HDL File        ; C:/Users/Usuario/Documents/3º Semestre/LAOC/processador/somador.v              ;         ;
; PortaAND.v                       ; yes             ; User Verilog HDL File        ; C:/Users/Usuario/Documents/3º Semestre/LAOC/processador/PortaAND.v             ;         ;
; PC.v                             ; yes             ; User Verilog HDL File        ; C:/Users/Usuario/Documents/3º Semestre/LAOC/processador/PC.v                   ;         ;
; mux3ent8bits.v                   ; yes             ; User Verilog HDL File        ; C:/Users/Usuario/Documents/3º Semestre/LAOC/processador/mux3ent8bits.v         ;         ;
; mux2entradas.v                   ; yes             ; User Verilog HDL File        ; C:/Users/Usuario/Documents/3º Semestre/LAOC/processador/mux2entradas.v         ;         ;
; mux2ent8bits.v                   ; yes             ; User Verilog HDL File        ; C:/Users/Usuario/Documents/3º Semestre/LAOC/processador/mux2ent8bits.v         ;         ;
; mux2bits4entradas.v              ; yes             ; User Verilog HDL File        ; C:/Users/Usuario/Documents/3º Semestre/LAOC/processador/mux2bits4entradas.v    ;         ;
; mux2bits3entradas.v              ; yes             ; User Verilog HDL File        ; C:/Users/Usuario/Documents/3º Semestre/LAOC/processador/mux2bits3entradas.v    ;         ;
; memoInst.v                       ; yes             ; User Verilog HDL File        ; C:/Users/Usuario/Documents/3º Semestre/LAOC/processador/memoInst.v             ;         ;
; MemoDados.v                      ; yes             ; User Verilog HDL File        ; C:/Users/Usuario/Documents/3º Semestre/LAOC/processador/MemoDados.v            ;         ;
; extensor5bits.v                  ; yes             ; User Verilog HDL File        ; C:/Users/Usuario/Documents/3º Semestre/LAOC/processador/extensor5bits.v        ;         ;
; extensor3bits.v                  ; yes             ; User Verilog HDL File        ; C:/Users/Usuario/Documents/3º Semestre/LAOC/processador/extensor3bits.v        ;         ;
; extensor2bits.v                  ; yes             ; User Verilog HDL File        ; C:/Users/Usuario/Documents/3º Semestre/LAOC/processador/extensor2bits.v        ;         ;
; CTRL.v                           ; yes             ; User Verilog HDL File        ; C:/Users/Usuario/Documents/3º Semestre/LAOC/processador/CTRL.v                 ;         ;
; bancoDeReg.v                     ; yes             ; User Verilog HDL File        ; C:/Users/Usuario/Documents/3º Semestre/LAOC/processador/bancoDeReg.v           ;         ;
; processador.v                    ; yes             ; User Verilog HDL File        ; C:/Users/Usuario/Documents/3º Semestre/LAOC/processador/processador.v          ;         ;
; altsyncram.tdf                   ; yes             ; Megafunction                 ; c:/altera/13.0sp1/quartus/libraries/megafunctions/altsyncram.tdf               ;         ;
; stratix_ram_block.inc            ; yes             ; Megafunction                 ; c:/altera/13.0sp1/quartus/libraries/megafunctions/stratix_ram_block.inc        ;         ;
; lpm_mux.inc                      ; yes             ; Megafunction                 ; c:/altera/13.0sp1/quartus/libraries/megafunctions/lpm_mux.inc                  ;         ;
; lpm_decode.inc                   ; yes             ; Megafunction                 ; c:/altera/13.0sp1/quartus/libraries/megafunctions/lpm_decode.inc               ;         ;
; aglobal130.inc                   ; yes             ; Megafunction                 ; c:/altera/13.0sp1/quartus/libraries/megafunctions/aglobal130.inc               ;         ;
; a_rdenreg.inc                    ; yes             ; Megafunction                 ; c:/altera/13.0sp1/quartus/libraries/megafunctions/a_rdenreg.inc                ;         ;
; altrom.inc                       ; yes             ; Megafunction                 ; c:/altera/13.0sp1/quartus/libraries/megafunctions/altrom.inc                   ;         ;
; altram.inc                       ; yes             ; Megafunction                 ; c:/altera/13.0sp1/quartus/libraries/megafunctions/altram.inc                   ;         ;
; altdpram.inc                     ; yes             ; Megafunction                 ; c:/altera/13.0sp1/quartus/libraries/megafunctions/altdpram.inc                 ;         ;
; db/altsyncram_u311.tdf           ; yes             ; Auto-Generated Megafunction  ; C:/Users/Usuario/Documents/3º Semestre/LAOC/processador/db/altsyncram_u311.tdf ;         ;
; lpm_add_sub.tdf                  ; yes             ; Megafunction                 ; c:/altera/13.0sp1/quartus/libraries/megafunctions/lpm_add_sub.tdf              ;         ;
; addcore.inc                      ; yes             ; Megafunction                 ; c:/altera/13.0sp1/quartus/libraries/megafunctions/addcore.inc                  ;         ;
; look_add.inc                     ; yes             ; Megafunction                 ; c:/altera/13.0sp1/quartus/libraries/megafunctions/look_add.inc                 ;         ;
; bypassff.inc                     ; yes             ; Megafunction                 ; c:/altera/13.0sp1/quartus/libraries/megafunctions/bypassff.inc                 ;         ;
; altshift.inc                     ; yes             ; Megafunction                 ; c:/altera/13.0sp1/quartus/libraries/megafunctions/altshift.inc                 ;         ;
; alt_stratix_add_sub.inc          ; yes             ; Megafunction                 ; c:/altera/13.0sp1/quartus/libraries/megafunctions/alt_stratix_add_sub.inc      ;         ;
; db/add_sub_qpi.tdf               ; yes             ; Auto-Generated Megafunction  ; C:/Users/Usuario/Documents/3º Semestre/LAOC/processador/db/add_sub_qpi.tdf     ;         ;
+----------------------------------+-----------------+------------------------------+--------------------------------------------------------------------------------+---------+


+-----------------------------------------------------+
; Analysis & Synthesis Resource Usage Summary         ;
+---------------------------------------------+-------+
; Resource                                    ; Usage ;
+---------------------------------------------+-------+
; Estimated Total logic elements              ; 305   ;
;                                             ;       ;
; Total combinational functions               ; 217   ;
; Logic element usage by number of LUT inputs ;       ;
;     -- 4 input functions                    ; 110   ;
;     -- 3 input functions                    ; 62    ;
;     -- <=2 input functions                  ; 45    ;
;                                             ;       ;
; Logic elements by mode                      ;       ;
;     -- normal mode                          ; 188   ;
;     -- arithmetic mode                      ; 29    ;
;                                             ;       ;
; Total registers                             ; 154   ;
;     -- Dedicated logic registers            ; 154   ;
;     -- I/O registers                        ; 0     ;
;                                             ;       ;
; I/O pins                                    ; 9     ;
; Total memory bits                           ; 2048  ;
; Embedded Multiplier 9-bit elements          ; 0     ;
; Maximum fan-out node                        ; clk   ;
; Maximum fan-out                             ; 162   ;
; Total fan-out                               ; 1232  ;
; Average fan-out                             ; 3.18  ;
+---------------------------------------------+-------+


+------------------------------------------------------------------------------------------------------------------------------------------------------------------------------------------------------------------------------------------------------------+
; Analysis & Synthesis Resource Utilization by Entity                                                                                                                                                                                                        ;
+-------------------------------------------+-------------------+--------------+-------------+--------------+---------+-----------+------+--------------+-------------------------------------------------------------------------------------+--------------+
; Compilation Hierarchy Node                ; LC Combinationals ; LC Registers ; Memory Bits ; DSP Elements ; DSP 9x9 ; DSP 18x18 ; Pins ; Virtual Pins ; Full Hierarchy Name                                                                 ; Library Name ;
+-------------------------------------------+-------------------+--------------+-------------+--------------+---------+-----------+------+--------------+-------------------------------------------------------------------------------------+--------------+
; |processador                              ; 217 (0)           ; 154 (0)      ; 2048        ; 0            ; 0       ; 0         ; 9    ; 0            ; |processador                                                                        ; work         ;
;    |CTRL:controle|                        ; 18 (18)           ; 18 (18)      ; 0           ; 0            ; 0       ; 0         ; 0    ; 0            ; |processador|CTRL:controle                                                          ; work         ;
;    |PC:pc|                                ; 8 (8)             ; 8 (8)        ; 0           ; 0            ; 0       ; 0         ; 0    ; 0            ; |processador|PC:pc                                                                  ; work         ;
;    |PortaAND:pand|                        ; 3 (3)             ; 0 (0)        ; 0           ; 0            ; 0       ; 0         ; 0    ; 0            ; |processador|PortaAND:pand                                                          ; work         ;
;    |ULAAOC:ula|                           ; 25 (8)            ; 0 (0)        ; 0           ; 0            ; 0       ; 0         ; 0    ; 0            ; |processador|ULAAOC:ula                                                             ; work         ;
;       |lpm_add_sub:Add0|                  ; 17 (0)            ; 0 (0)        ; 0           ; 0            ; 0       ; 0         ; 0    ; 0            ; |processador|ULAAOC:ula|lpm_add_sub:Add0                                            ; work         ;
;          |add_sub_qpi:auto_generated|     ; 17 (17)           ; 0 (0)        ; 0           ; 0            ; 0       ; 0         ; 0    ; 0            ; |processador|ULAAOC:ula|lpm_add_sub:Add0|add_sub_qpi:auto_generated                 ; work         ;
;    |bancoDeReg:br|                        ; 44 (44)           ; 56 (56)      ; 0           ; 0            ; 0       ; 0         ; 0    ; 0            ; |processador|bancoDeReg:br                                                          ; work         ;
;    |memoDados:md|                         ; 50 (50)           ; 72 (72)      ; 0           ; 0            ; 0       ; 0         ; 0    ; 0            ; |processador|memoDados:md                                                           ; work         ;
;    |memoInst:memoi|                       ; 1 (0)             ; 0 (0)        ; 2048        ; 0            ; 0       ; 0         ; 0    ; 0            ; |processador|memoInst:memoi                                                         ; work         ;
;       |altsyncram:WideOr3_rtl_0|          ; 1 (0)             ; 0 (0)        ; 2048        ; 0            ; 0       ; 0         ; 0    ; 0            ; |processador|memoInst:memoi|altsyncram:WideOr3_rtl_0                                ; work         ;
;          |altsyncram_u311:auto_generated| ; 1 (1)             ; 0 (0)        ; 2048        ; 0            ; 0       ; 0         ; 0    ; 0            ; |processador|memoInst:memoi|altsyncram:WideOr3_rtl_0|altsyncram_u311:auto_generated ; work         ;
;    |mux2bits3entradas:m2b3e|              ; 5 (5)             ; 0 (0)        ; 0           ; 0            ; 0       ; 0         ; 0    ; 0            ; |processador|mux2bits3entradas:m2b3e                                                ; work         ;
;    |mux2bits4entradas:m2b4e|              ; 4 (4)             ; 0 (0)        ; 0           ; 0            ; 0       ; 0         ; 0    ; 0            ; |processador|mux2bits4entradas:m2b4e                                                ; work         ;
;    |mux2ent8bits:rf|                      ; 8 (8)             ; 0 (0)        ; 0           ; 0            ; 0       ; 0         ; 0    ; 0            ; |processador|mux2ent8bits:rf                                                        ; work         ;
;    |mux2ent8bits:tSaltoGegal|             ; 8 (8)             ; 0 (0)        ; 0           ; 0            ; 0       ; 0         ; 0    ; 0            ; |processador|mux2ent8bits:tSaltoGegal                                               ; work         ;
;    |mux2ent8bits:uf1|                     ; 8 (8)             ; 0 (0)        ; 0           ; 0            ; 0       ; 0         ; 0    ; 0            ; |processador|mux2ent8bits:uf1                                                       ; work         ;
;    |mux2entradas:m2b2e|                   ; 2 (2)             ; 0 (0)        ; 0           ; 0            ; 0       ; 0         ; 0    ; 0            ; |processador|mux2entradas:m2b2e                                                     ; work         ;
;    |mux3ent8bits:extSinal|                ; 9 (9)             ; 0 (0)        ; 0           ; 0            ; 0       ; 0         ; 0    ; 0            ; |processador|mux3ent8bits:extSinal                                                  ; work         ;
;    |mux3ent8bits:uf2|                     ; 8 (8)             ; 0 (0)        ; 0           ; 0            ; 0       ; 0         ; 0    ; 0            ; |processador|mux3ent8bits:uf2                                                       ; work         ;
;    |somador:adc1|                         ; 16 (16)           ; 0 (0)        ; 0           ; 0            ; 0       ; 0         ; 0    ; 0            ; |processador|somador:adc1                                                           ; work         ;
+-------------------------------------------+-------------------+--------------+-------------+--------------+---------+-----------+------+--------------+-------------------------------------------------------------------------------------+--------------+
Note: For table entries with two numbers listed, the numbers in parentheses indicate the number of resources of the given type used by the specific entity alone. The numbers listed outside of parentheses indicate the total resources of the given type used by the specific entity and all of its sub-entities in the hierarchy.


+-------------------------------------------------------------------------------------------------------------------------------------------------------------------------------------------------------+
; Analysis & Synthesis RAM Summary                                                                                                                                                                      ;
+-----------------------------------------------------------------------------------+------+------+--------------+--------------+--------------+--------------+------+----------------------------------+
; Name                                                                              ; Type ; Mode ; Port A Depth ; Port A Width ; Port B Depth ; Port B Width ; Size ; MIF                              ;
+-----------------------------------------------------------------------------------+------+------+--------------+--------------+--------------+--------------+------+----------------------------------+
; memoInst:memoi|altsyncram:WideOr3_rtl_0|altsyncram_u311:auto_generated|ALTSYNCRAM ; AUTO ; ROM  ; 256          ; 8            ; --           ; --           ; 2048 ; processador.processador0.rtl.mif ;
+-----------------------------------------------------------------------------------+------+------+--------------+--------------+--------------+--------------+------+----------------------------------+


+------------------------------------------------------------------------------------------------------------+
; User-Specified and Inferred Latches                                                                        ;
+----------------------------------------------------+------------------------------+------------------------+
; Latch Name                                         ; Latch Enable Signal          ; Free of Timing Hazards ;
+----------------------------------------------------+------------------------------+------------------------+
; mux3ent8bits:extSinal|saida[0]                     ; mux3ent8bits:extSinal|Mux8   ; yes                    ;
; mux3ent8bits:extSinal|saida[1]                     ; mux3ent8bits:extSinal|Mux8   ; yes                    ;
; mux3ent8bits:extSinal|saida[2]                     ; mux3ent8bits:extSinal|Mux8   ; yes                    ;
; mux3ent8bits:extSinal|saida[3]                     ; mux3ent8bits:extSinal|Mux8   ; yes                    ;
; mux3ent8bits:extSinal|saida[4]                     ; mux3ent8bits:extSinal|Mux8   ; yes                    ;
; mux2bits3entradas:m2b3e|saida[0]                   ; mux2bits3entradas:m2b3e|Mux2 ; yes                    ;
; mux2bits3entradas:m2b3e|saida[1]                   ; mux2bits3entradas:m2b3e|Mux2 ; yes                    ;
; Number of user-specified and inferred latches = 7  ;                              ;                        ;
+----------------------------------------------------+------------------------------+------------------------+
Note: All latches listed above may not be present at the end of synthesis due to various synthesis optimizations.


+--------------------------------------------------------------------------------------+
; Registers Removed During Synthesis                                                   ;
+----------------------------------------+---------------------------------------------+
; Register name                          ; Reason for Removal                          ;
+----------------------------------------+---------------------------------------------+
; CTRL:controle|CtrlUla~en               ; Lost fanout                                 ;
; CTRL:controle|UlaFonte2[0]~en          ; Lost fanout                                 ;
; CTRL:controle|UlaFonte2[1]~en          ; Lost fanout                                 ;
; CTRL:controle|UlaFonte1~en             ; Lost fanout                                 ;
; CTRL:controle|Branch~en                ; Lost fanout                                 ;
; CTRL:controle|ExtensorSinal[0]~en      ; Lost fanout                                 ;
; CTRL:controle|ExtensorSinal[1]~en      ; Lost fanout                                 ;
; CTRL:controle|RegOrdem3[0]~en          ; Lost fanout                                 ;
; CTRL:controle|RegOrdem3[1]~en          ; Lost fanout                                 ;
; CTRL:controle|RegOrdem2~en             ; Lost fanout                                 ;
; CTRL:controle|RegOrdem1[0]~en          ; Lost fanout                                 ;
; CTRL:controle|RegOrdem1[1]~en          ; Lost fanout                                 ;
; CTRL:controle|RegFonte~en              ; Lost fanout                                 ;
; CTRL:controle|UlaFonte2[0]~reg0        ; Merged with CTRL:controle|UlaFonte2[1]~reg0 ;
; Total Number of Removed Registers = 14 ;                                             ;
+----------------------------------------+---------------------------------------------+


+------------------------------------------------------+
; General Register Statistics                          ;
+----------------------------------------------+-------+
; Statistic                                    ; Value ;
+----------------------------------------------+-------+
; Total registers                              ; 154   ;
; Number of registers using Synchronous Clear  ; 0     ;
; Number of registers using Synchronous Load   ; 1     ;
; Number of registers using Asynchronous Clear ; 0     ;
; Number of registers using Asynchronous Load  ; 0     ;
; Number of registers using Clock Enable       ; 120   ;
; Number of registers using Preset             ; 0     ;
+----------------------------------------------+-------+


+--------------------------------------------------------------------------+
; Registers Packed Into Inferred Megafunctions                             ;
+------------------------------------+------------------------------+------+
; Register Name                      ; Megafunction                 ; Type ;
+------------------------------------+------------------------------+------+
; memoInst:memoi|intermediario[0..7] ; memoInst:memoi|WideOr3_rtl_0 ; ROM  ;
+------------------------------------+------------------------------+------+


+--------------------------------------------------------------------------------------------------------------------------------------------------------------+
; Multiplexer Restructuring Statistics (Restructuring Performed)                                                                                               ;
+--------------------+-----------+---------------+----------------------+------------------------+------------+------------------------------------------------+
; Multiplexer Inputs ; Bus Width ; Baseline Area ; Area if Restructured ; Saving if Restructured ; Registered ; Example Multiplexer Output                     ;
+--------------------+-----------+---------------+----------------------+------------------------+------------+------------------------------------------------+
; 4:1                ; 8 bits    ; 16 LEs        ; 16 LEs               ; 0 LEs                  ; Yes        ; |processador|bancoDeReg:br|Dado1[7]            ;
; 4:1                ; 8 bits    ; 16 LEs        ; 16 LEs               ; 0 LEs                  ; Yes        ; |processador|bancoDeReg:br|Dado2[3]            ;
; 4:1                ; 8 bits    ; 16 LEs        ; 8 LEs                ; 8 LEs                  ; Yes        ; |processador|bancoDeReg:br|RF[0][4]            ;
; 1:1                ; 2 bits    ; 0 LEs         ; 0 LEs                ; 0 LEs                  ; No         ; |processador|mux3ent8bits:extSinal|Mux1        ;
; 4:1                ; 2 bits    ; 4 LEs         ; 4 LEs                ; 0 LEs                  ; No         ; |processador|mux2bits4entradas:m2b4e|Mux0      ;
; 3:1                ; 2 bits    ; 4 LEs         ; 2 LEs                ; 2 LEs                  ; No         ; |processador|mux3ent8bits:extSinal|Mux4        ;
; 3:1                ; 2 bits    ; 4 LEs         ; 2 LEs                ; 2 LEs                  ; No         ; |processador|mux2bits3entradas:m2b3e|Mux0      ;
; 3:1                ; 8 bits    ; 16 LEs        ; 16 LEs               ; 0 LEs                  ; No         ; |processador|mux2ent8bits:tSaltoGegal|saida[4] ;
; 3:1                ; 5 bits    ; 10 LEs        ; 10 LEs               ; 0 LEs                  ; No         ; |processador|mux2ent8bits:rf|saida[3]          ;
+--------------------+-----------+---------------+----------------------+------------------------+------------+------------------------------------------------+


+-----------------------------------------------------------------------------------------------+
; Source assignments for memoInst:memoi|altsyncram:WideOr3_rtl_0|altsyncram_u311:auto_generated ;
+---------------------------------+--------------------+------+---------------------------------+
; Assignment                      ; Value              ; From ; To                              ;
+---------------------------------+--------------------+------+---------------------------------+
; OPTIMIZE_POWER_DURING_SYNTHESIS ; NORMAL_COMPILATION ; -    ; -                               ;
+---------------------------------+--------------------+------+---------------------------------+


+------------------------------------------------------------------------------------------+
; Parameter Settings for Inferred Entity Instance: memoInst:memoi|altsyncram:WideOr3_rtl_0 ;
+------------------------------------+----------------------------------+------------------+
; Parameter Name                     ; Value                            ; Type             ;
+------------------------------------+----------------------------------+------------------+
; BYTE_SIZE_BLOCK                    ; 8                                ; Untyped          ;
; AUTO_CARRY_CHAINS                  ; ON                               ; AUTO_CARRY       ;
; IGNORE_CARRY_BUFFERS               ; OFF                              ; IGNORE_CARRY     ;
; AUTO_CASCADE_CHAINS                ; ON                               ; AUTO_CASCADE     ;
; IGNORE_CASCADE_BUFFERS             ; OFF                              ; IGNORE_CASCADE   ;
; WIDTH_BYTEENA                      ; 1                                ; Untyped          ;
; OPERATION_MODE                     ; ROM                              ; Untyped          ;
; WIDTH_A                            ; 8                                ; Untyped          ;
; WIDTHAD_A                          ; 8                                ; Untyped          ;
; NUMWORDS_A                         ; 256                              ; Untyped          ;
; OUTDATA_REG_A                      ; UNREGISTERED                     ; Untyped          ;
; ADDRESS_ACLR_A                     ; NONE                             ; Untyped          ;
; OUTDATA_ACLR_A                     ; NONE                             ; Untyped          ;
; WRCONTROL_ACLR_A                   ; NONE                             ; Untyped          ;
; INDATA_ACLR_A                      ; NONE                             ; Untyped          ;
; BYTEENA_ACLR_A                     ; NONE                             ; Untyped          ;
; WIDTH_B                            ; 1                                ; Untyped          ;
; WIDTHAD_B                          ; 1                                ; Untyped          ;
; NUMWORDS_B                         ; 1                                ; Untyped          ;
; INDATA_REG_B                       ; CLOCK1                           ; Untyped          ;
; WRCONTROL_WRADDRESS_REG_B          ; CLOCK1                           ; Untyped          ;
; RDCONTROL_REG_B                    ; CLOCK1                           ; Untyped          ;
; ADDRESS_REG_B                      ; CLOCK1                           ; Untyped          ;
; OUTDATA_REG_B                      ; UNREGISTERED                     ; Untyped          ;
; BYTEENA_REG_B                      ; CLOCK1                           ; Untyped          ;
; INDATA_ACLR_B                      ; NONE                             ; Untyped          ;
; WRCONTROL_ACLR_B                   ; NONE                             ; Untyped          ;
; ADDRESS_ACLR_B                     ; NONE                             ; Untyped          ;
; OUTDATA_ACLR_B                     ; NONE                             ; Untyped          ;
; RDCONTROL_ACLR_B                   ; NONE                             ; Untyped          ;
; BYTEENA_ACLR_B                     ; NONE                             ; Untyped          ;
; WIDTH_BYTEENA_A                    ; 1                                ; Untyped          ;
; WIDTH_BYTEENA_B                    ; 1                                ; Untyped          ;
; RAM_BLOCK_TYPE                     ; AUTO                             ; Untyped          ;
; BYTE_SIZE                          ; 8                                ; Untyped          ;
; READ_DURING_WRITE_MODE_MIXED_PORTS ; DONT_CARE                        ; Untyped          ;
; READ_DURING_WRITE_MODE_PORT_A      ; NEW_DATA_NO_NBE_READ             ; Untyped          ;
; READ_DURING_WRITE_MODE_PORT_B      ; NEW_DATA_NO_NBE_READ             ; Untyped          ;
; INIT_FILE                          ; processador.processador0.rtl.mif ; Untyped          ;
; INIT_FILE_LAYOUT                   ; PORT_A                           ; Untyped          ;
; MAXIMUM_DEPTH                      ; 0                                ; Untyped          ;
; CLOCK_ENABLE_INPUT_A               ; NORMAL                           ; Untyped          ;
; CLOCK_ENABLE_INPUT_B               ; NORMAL                           ; Untyped          ;
; CLOCK_ENABLE_OUTPUT_A              ; NORMAL                           ; Untyped          ;
; CLOCK_ENABLE_OUTPUT_B              ; NORMAL                           ; Untyped          ;
; CLOCK_ENABLE_CORE_A                ; USE_INPUT_CLKEN                  ; Untyped          ;
; CLOCK_ENABLE_CORE_B                ; USE_INPUT_CLKEN                  ; Untyped          ;
; ENABLE_ECC                         ; FALSE                            ; Untyped          ;
; ECC_PIPELINE_STAGE_ENABLED         ; FALSE                            ; Untyped          ;
; WIDTH_ECCSTATUS                    ; 3                                ; Untyped          ;
; DEVICE_FAMILY                      ; Cyclone II                       ; Untyped          ;
; CBXI_PARAMETER                     ; altsyncram_u311                  ; Untyped          ;
+------------------------------------+----------------------------------+------------------+
Note: In order to hide this table in the UI and the text report file, please set the "Show Parameter Settings in Synthesis Report" option in "Analysis and Synthesis Settings -> More Settings" to "Off".


+------------------------------------------------------------------------------+
; Parameter Settings for Inferred Entity Instance: ULAAOC:ula|lpm_add_sub:Add0 ;
+------------------------+-------------+---------------------------------------+
; Parameter Name         ; Value       ; Type                                  ;
+------------------------+-------------+---------------------------------------+
; LPM_WIDTH              ; 8           ; Untyped                               ;
; LPM_REPRESENTATION     ; UNSIGNED    ; Untyped                               ;
; LPM_DIRECTION          ; DEFAULT     ; Untyped                               ;
; ONE_INPUT_IS_CONSTANT  ; NO          ; Untyped                               ;
; LPM_PIPELINE           ; 0           ; Untyped                               ;
; MAXIMIZE_SPEED         ; 5           ; Untyped                               ;
; REGISTERED_AT_END      ; 0           ; Untyped                               ;
; OPTIMIZE_FOR_SPEED     ; 5           ; Untyped                               ;
; USE_CS_BUFFERS         ; 1           ; Untyped                               ;
; CARRY_CHAIN            ; MANUAL      ; Untyped                               ;
; CARRY_CHAIN_LENGTH     ; 48          ; CARRY_CHAIN_LENGTH                    ;
; DEVICE_FAMILY          ; Cyclone II  ; Untyped                               ;
; USE_WYS                ; OFF         ; Untyped                               ;
; STYLE                  ; FAST        ; Untyped                               ;
; CBXI_PARAMETER         ; add_sub_qpi ; Untyped                               ;
; AUTO_CARRY_CHAINS      ; ON          ; AUTO_CARRY                            ;
; IGNORE_CARRY_BUFFERS   ; OFF         ; IGNORE_CARRY                          ;
; AUTO_CASCADE_CHAINS    ; ON          ; AUTO_CASCADE                          ;
; IGNORE_CASCADE_BUFFERS ; OFF         ; IGNORE_CASCADE                        ;
+------------------------+-------------+---------------------------------------+
Note: In order to hide this table in the UI and the text report file, please set the "Show Parameter Settings in Synthesis Report" option in "Analysis and Synthesis Settings -> More Settings" to "Off".


+-------------------------------------------------------------------------------------+
; altsyncram Parameter Settings by Entity Instance                                    ;
+-------------------------------------------+-----------------------------------------+
; Name                                      ; Value                                   ;
+-------------------------------------------+-----------------------------------------+
; Number of entity instances                ; 1                                       ;
; Entity Instance                           ; memoInst:memoi|altsyncram:WideOr3_rtl_0 ;
;     -- OPERATION_MODE                     ; ROM                                     ;
;     -- WIDTH_A                            ; 8                                       ;
;     -- NUMWORDS_A                         ; 256                                     ;
;     -- OUTDATA_REG_A                      ; UNREGISTERED                            ;
;     -- WIDTH_B                            ; 1                                       ;
;     -- NUMWORDS_B                         ; 1                                       ;
;     -- ADDRESS_REG_B                      ; CLOCK1                                  ;
;     -- OUTDATA_REG_B                      ; UNREGISTERED                            ;
;     -- RAM_BLOCK_TYPE                     ; AUTO                                    ;
;     -- READ_DURING_WRITE_MODE_MIXED_PORTS ; DONT_CARE                               ;
+-------------------------------------------+-----------------------------------------+


+---------------------------------------------------+
; Port Connectivity Checks: "mux2ent8bits:mPcSalto" ;
+------+-------+----------+-------------------------+
; Port ; Type  ; Severity ; Details                 ;
+------+-------+----------+-------------------------+
; var1 ; Input ; Info     ; Stuck at GND            ;
+------+-------+----------+-------------------------+


+--------------------------------------------------+
; Port Connectivity Checks: "somador:adc1"         ;
+----------------+-------+----------+--------------+
; Port           ; Type  ; Severity ; Details      ;
+----------------+-------+----------+--------------+
; entrada2[7..1] ; Input ; Info     ; Stuck at GND ;
; entrada2[0]    ; Input ; Info     ; Stuck at VCC ;
+----------------+-------+----------+--------------+


+------------------------------------------------------+
; Port Connectivity Checks: "mux2ent8bits:tSaltoGegal" ;
+------+-------+----------+----------------------------+
; Port ; Type  ; Severity ; Details                    ;
+------+-------+----------+----------------------------+
; var1 ; Input ; Info     ; Stuck at GND               ;
+------+-------+----------+----------------------------+


+----------------------------------------------+
; Port Connectivity Checks: "mux3ent8bits:uf2" ;
+------+-------+----------+--------------------+
; Port ; Type  ; Severity ; Details            ;
+------+-------+----------+--------------------+
; var2 ; Input ; Info     ; Stuck at GND       ;
+------+-------+----------+--------------------+


+-------------------------------+
; Elapsed Time Per Partition    ;
+----------------+--------------+
; Partition Name ; Elapsed Time ;
+----------------+--------------+
; Top            ; 00:00:00     ;
+----------------+--------------+


+-------------------------------+
; Analysis & Synthesis Messages ;
+-------------------------------+
Info: *******************************************************************
Info: Running Quartus II 64-Bit Analysis & Synthesis
    Info: Version 13.0.1 Build 232 06/12/2013 Service Pack 1 SJ Web Edition
    Info: Processing started: Mon Dec 12 00:59:36 2022
Info: Command: quartus_map --read_settings_files=on --write_settings_files=off processador -c processador
Warning (20028): Parallel compilation is not licensed and has been disabled
Info (12021): Found 1 design units, including 1 entities, in source file ulaaoc.v
    Info (12023): Found entity 1: ULAAOC
Info (12021): Found 1 design units, including 1 entities, in source file teste.v
    Info (12023): Found entity 1: teste
Info (12021): Found 1 design units, including 1 entities, in source file somador.v
    Info (12023): Found entity 1: somador
Info (12021): Found 1 design units, including 1 entities, in source file portaand.v
    Info (12023): Found entity 1: PortaAND
Info (12021): Found 1 design units, including 1 entities, in source file pc.v
    Info (12023): Found entity 1: PC
Info (12021): Found 1 design units, including 1 entities, in source file mux3ent8bits.v
    Info (12023): Found entity 1: mux3ent8bits
Info (12021): Found 1 design units, including 1 entities, in source file mux2entradas.v
    Info (12023): Found entity 1: mux2entradas
Info (12021): Found 1 design units, including 1 entities, in source file mux2ent8bits.v
    Info (12023): Found entity 1: mux2ent8bits
Info (12021): Found 1 design units, including 1 entities, in source file mux2bits4entradas.v
    Info (12023): Found entity 1: mux2bits4entradas
Info (12021): Found 1 design units, including 1 entities, in source file mux2bits3entradas.v
    Info (12023): Found entity 1: mux2bits3entradas
Info (12021): Found 1 design units, including 1 entities, in source file memoinst.v
    Info (12023): Found entity 1: memoInst
Info (12021): Found 1 design units, including 1 entities, in source file memodados.v
    Info (12023): Found entity 1: memoDados
Info (12021): Found 1 design units, including 1 entities, in source file extensor5bits.v
    Info (12023): Found entity 1: extensor5bits
Info (12021): Found 1 design units, including 1 entities, in source file extensor3bits.v
    Info (12023): Found entity 1: extensor3bits
Info (12021): Found 1 design units, including 1 entities, in source file extensor2bits.v
    Info (12023): Found entity 1: extensor2bits
Info (12021): Found 1 design units, including 1 entities, in source file ctrl.v
    Info (12023): Found entity 1: CTRL
Info (12021): Found 1 design units, including 1 entities, in source file clock.v
    Info (12023): Found entity 1: clock
Info (12021): Found 1 design units, including 1 entities, in source file bancodereg.v
    Info (12023): Found entity 1: bancoDeReg
Info (12021): Found 1 design units, including 1 entities, in source file processador.v
    Info (12023): Found entity 1: processador
Info (12127): Elaborating entity "processador" for the top level hierarchy
Warning (10175): Verilog HDL warning at processador.v(167): ignoring unsupported system task
Info (12128): Elaborating entity "PC" for hierarchy "PC:pc"
Info (12128): Elaborating entity "memoInst" for hierarchy "memoInst:memoi"
Info (12128): Elaborating entity "CTRL" for hierarchy "CTRL:controle"
Info (12128): Elaborating entity "mux2bits3entradas" for hierarchy "mux2bits3entradas:m2b3e"
Warning (10270): Verilog HDL Case Statement warning at mux2bits3entradas.v(7): incomplete case statement has no default case item
Warning (10240): Verilog HDL Always Construct warning at mux2bits3entradas.v(7): inferring latch(es) for variable "saida", which holds its previous value in one or more paths through the always construct
Info (10041): Inferred latch for "saida[0]" at mux2bits3entradas.v(7)
Info (10041): Inferred latch for "saida[1]" at mux2bits3entradas.v(7)
Info (12128): Elaborating entity "mux2entradas" for hierarchy "mux2entradas:m2b2e"
Info (12128): Elaborating entity "mux2bits4entradas" for hierarchy "mux2bits4entradas:m2b4e"
Info (12128): Elaborating entity "bancoDeReg" for hierarchy "bancoDeReg:br"
Info (12128): Elaborating entity "extensor3bits" for hierarchy "extensor3bits:e3b"
Info (12128): Elaborating entity "extensor5bits" for hierarchy "extensor5bits:e5b"
Info (12128): Elaborating entity "extensor2bits" for hierarchy "extensor2bits:e2b"
Info (12128): Elaborating entity "mux3ent8bits" for hierarchy "mux3ent8bits:extSinal"
Warning (10270): Verilog HDL Case Statement warning at mux3ent8bits.v(7): incomplete case statement has no default case item
Warning (10240): Verilog HDL Always Construct warning at mux3ent8bits.v(7): inferring latch(es) for variable "saida", which holds its previous value in one or more paths through the always construct
Info (10041): Inferred latch for "saida[0]" at mux3ent8bits.v(7)
Info (10041): Inferred latch for "saida[1]" at mux3ent8bits.v(7)
Info (10041): Inferred latch for "saida[2]" at mux3ent8bits.v(7)
Info (10041): Inferred latch for "saida[3]" at mux3ent8bits.v(7)
Info (10041): Inferred latch for "saida[4]" at mux3ent8bits.v(7)
Info (10041): Inferred latch for "saida[5]" at mux3ent8bits.v(7)
Info (10041): Inferred latch for "saida[6]" at mux3ent8bits.v(7)
Info (10041): Inferred latch for "saida[7]" at mux3ent8bits.v(7)
Info (12128): Elaborating entity "mux2ent8bits" for hierarchy "mux2ent8bits:uf1"
Info (12128): Elaborating entity "ULAAOC" for hierarchy "ULAAOC:ula"
Info (12128): Elaborating entity "memoDados" for hierarchy "memoDados:md"
Info (12128): Elaborating entity "PortaAND" for hierarchy "PortaAND:pand"
Info (12128): Elaborating entity "somador" for hierarchy "somador:adc1"
Warning (13046): Tri-state node(s) do not directly drive top-level pin(s)
    Warning (13049): Converted tri-state buffer "CTRL:controle|CtrlUla" feeding internal logic into a wire
    Warning (13049): Converted tri-state buffer "CTRL:controle|UlaFonte2[0]" feeding internal logic into a wire
    Warning (13049): Converted tri-state buffer "CTRL:controle|UlaFonte2[1]" feeding internal logic into a wire
    Warning (13049): Converted tri-state buffer "CTRL:controle|UlaFonte1" feeding internal logic into a wire
    Warning (13049): Converted tri-state buffer "CTRL:controle|Branch" feeding internal logic into a wire
    Warning (13049): Converted tri-state buffer "CTRL:controle|ExtensorSinal[0]" feeding internal logic into a wire
    Warning (13049): Converted tri-state buffer "CTRL:controle|ExtensorSinal[1]" feeding internal logic into a wire
    Warning (13049): Converted tri-state buffer "CTRL:controle|RegOrdem3[0]" feeding internal logic into a wire
    Warning (13049): Converted tri-state buffer "CTRL:controle|RegOrdem3[1]" feeding internal logic into a wire
    Warning (13049): Converted tri-state buffer "CTRL:controle|RegOrdem2" feeding internal logic into a wire
    Warning (13049): Converted tri-state buffer "CTRL:controle|RegOrdem1[0]" feeding internal logic into a wire
    Warning (13049): Converted tri-state buffer "CTRL:controle|RegOrdem1[1]" feeding internal logic into a wire
    Warning (13049): Converted tri-state buffer "CTRL:controle|RegFonte" feeding internal logic into a wire
Warning (14026): LATCH primitive "mux3ent8bits:uf2|saida[0]" is permanently enabled
Warning (14026): LATCH primitive "mux3ent8bits:uf2|saida[1]" is permanently enabled
Warning (14026): LATCH primitive "mux3ent8bits:uf2|saida[2]" is permanently enabled
Warning (14026): LATCH primitive "mux3ent8bits:uf2|saida[3]" is permanently enabled
Warning (14026): LATCH primitive "mux3ent8bits:uf2|saida[4]" is permanently enabled
Warning (14026): LATCH primitive "mux3ent8bits:uf2|saida[5]" is permanently enabled
Warning (14026): LATCH primitive "mux3ent8bits:uf2|saida[6]" is permanently enabled
Warning (14026): LATCH primitive "mux3ent8bits:uf2|saida[7]" is permanently enabled
Warning (14026): LATCH primitive "mux3ent8bits:uf2|saida[0]" is permanently enabled
Warning (14026): LATCH primitive "mux3ent8bits:uf2|saida[1]" is permanently enabled
Warning (14026): LATCH primitive "mux3ent8bits:uf2|saida[2]" is permanently enabled
Warning (14026): LATCH primitive "mux3ent8bits:uf2|saida[3]" is permanently enabled
Warning (14026): LATCH primitive "mux3ent8bits:uf2|saida[4]" is permanently enabled
Warning (14026): LATCH primitive "mux3ent8bits:uf2|saida[5]" is permanently enabled
Warning (14026): LATCH primitive "mux3ent8bits:uf2|saida[6]" is permanently enabled
Warning (14026): LATCH primitive "mux3ent8bits:uf2|saida[7]" is permanently enabled
Info (276014): Found 1 instances of uninferred RAM logic
    Info (276004): RAM logic "memoDados:md|RF" is uninferred due to inappropriate RAM size
Info (19000): Inferred 1 megafunctions from design logic
    Info (276031): Inferred altsyncram megafunction from the following design logic: "memoInst:memoi|WideOr3_rtl_0"
        Info (286033): Parameter OPERATION_MODE set to ROM
        Info (286033): Parameter WIDTH_A set to 8
        Info (286033): Parameter WIDTHAD_A set to 8
        Info (286033): Parameter NUMWORDS_A set to 256
        Info (286033): Parameter OUTDATA_REG_A set to UNREGISTERED
        Info (286033): Parameter RAM_BLOCK_TYPE set to AUTO
        Info (286033): Parameter INIT_FILE set to processador.processador0.rtl.mif
Info (278001): Inferred 1 megafunctions from design logic
    Info (278002): Inferred adder/subtractor megafunction ("lpm_add_sub") from the following logic: "ULAAOC:ula|Add0"
Info (12130): Elaborated megafunction instantiation "memoInst:memoi|altsyncram:WideOr3_rtl_0"
Info (12133): Instantiated megafunction "memoInst:memoi|altsyncram:WideOr3_rtl_0" with the following parameter:
    Info (12134): Parameter "OPERATION_MODE" = "ROM"
    Info (12134): Parameter "WIDTH_A" = "8"
    Info (12134): Parameter "WIDTHAD_A" = "8"
    Info (12134): Parameter "NUMWORDS_A" = "256"
    Info (12134): Parameter "OUTDATA_REG_A" = "UNREGISTERED"
    Info (12134): Parameter "RAM_BLOCK_TYPE" = "AUTO"
    Info (12134): Parameter "INIT_FILE" = "processador.processador0.rtl.mif"
Info (12021): Found 1 design units, including 1 entities, in source file db/altsyncram_u311.tdf
    Info (12023): Found entity 1: altsyncram_u311
Info (12130): Elaborated megafunction instantiation "ULAAOC:ula|lpm_add_sub:Add0"
Info (12133): Instantiated megafunction "ULAAOC:ula|lpm_add_sub:Add0" with the following parameter:
    Info (12134): Parameter "LPM_WIDTH" = "8"
    Info (12134): Parameter "LPM_DIRECTION" = "DEFAULT"
    Info (12134): Parameter "LPM_REPRESENTATION" = "UNSIGNED"
    Info (12134): Parameter "ONE_INPUT_IS_CONSTANT" = "NO"
Info (12021): Found 1 design units, including 1 entities, in source file db/add_sub_qpi.tdf
    Info (12023): Found entity 1: add_sub_qpi
Warning (13012): Latch mux3ent8bits:extSinal|saida[2] has unsafe behavior
    Warning (13013): Ports D and ENA on the latch are fed by the same signal CTRL:controle|ExtensorSinal[1]~reg0
Warning (13012): Latch mux3ent8bits:extSinal|saida[3] has unsafe behavior
    Warning (13013): Ports D and ENA on the latch are fed by the same signal CTRL:controle|ExtensorSinal[0]~reg0
Warning (13012): Latch mux3ent8bits:extSinal|saida[4] has unsafe behavior
    Warning (13013): Ports D and ENA on the latch are fed by the same signal CTRL:controle|ExtensorSinal[0]~reg0
Warning (13012): Latch mux2bits3entradas:m2b3e|saida[0] has unsafe behavior
    Warning (13013): Ports D and ENA on the latch are fed by the same signal CTRL:controle|RegOrdem1[1]~reg0
Warning (13012): Latch mux2bits3entradas:m2b3e|saida[1] has unsafe behavior
    Warning (13013): Ports D and ENA on the latch are fed by the same signal CTRL:controle|RegOrdem1[1]~reg0
Info (17049): 13 registers lost all their fanouts during netlist optimizations.
Info (144001): Generated suppressed messages file C:/Users/Usuario/Documents/3º Semestre/LAOC/processador/output_files/processador.map.smsg
Info (16010): Generating hard_block partition "hard_block:auto_generated_inst"
    Info (16011): Adding 0 node(s), including 0 DDIO, 0 PLL, 0 transceiver and 0 LCELL
Info (21057): Implemented 330 device resources after synthesis - the final resource count might be different
    Info (21058): Implemented 1 input pins
    Info (21059): Implemented 8 output pins
    Info (21061): Implemented 313 logic cells
    Info (21064): Implemented 8 RAM segments
Info: Quartus II 64-Bit Analysis & Synthesis was successful. 0 errors, 46 warnings
    Info: Peak virtual memory: 4618 megabytes
    Info: Processing ended: Mon Dec 12 00:59:39 2022
    Info: Elapsed time: 00:00:03
    Info: Total CPU time (on all processors): 00:00:02


+------------------------------------------+
; Analysis & Synthesis Suppressed Messages ;
+------------------------------------------+
The suppressed messages can be found in C:/Users/Usuario/Documents/3º Semestre/LAOC/processador/output_files/processador.map.smsg.


